2026-03-26 12:43:02.150229 INFO::Writing function arguments to log file
2026-03-26 12:43:02.15079 DEBUG::Function arguments
2026-03-26 12:43:02.151012 DEBUG::Output folder: maaslin_genefamilies_group
2026-03-26 12:43:02.151215 DEBUG::Min Abundance: 0.000000
2026-03-26 12:43:02.151423 DEBUG::Min Prevalence: 0.100000
2026-03-26 12:43:02.151611 DEBUG::Normalization: NONE
2026-03-26 12:43:02.151794 DEBUG::Transform: LOG
2026-03-26 12:43:02.151974 DEBUG::Analysis method: LM
2026-03-26 12:43:02.152152 DEBUG::Max significance: 0.250000
2026-03-26 12:43:02.15233 DEBUG::Random effects:
2026-03-26 12:43:02.152506 DEBUG::Fixed effects: group
2026-03-26 12:43:02.152679 DEBUG::Correction method: BH
2026-03-26 12:43:02.152854 DEBUG::Standardize: TRUE
2026-03-26 12:43:02.153027 DEBUG::Cores: 1
2026-03-26 12:43:02.153195 INFO::Verifying options selected are valid
2026-03-26 12:43:02.153571 INFO::Determining format of input files
2026-03-26 12:43:02.153936 INFO::Input format is data samples as rows and metadata samples as rows
2026-03-26 12:43:02.15566 DEBUG::A total of 24 samples were found in both the data and metadata
2026-03-26 12:43:02.155843 DEBUG::Reordering data/metadata to use same sample ordering
2026-03-26 12:43:02.15728 INFO::Formula for fixed effects: expr ~  group
2026-03-26 12:43:02.157678 INFO::Factor detected for categorial metadata 'group'. Provide a reference argument or manually set factor ordering to change reference level.
2026-03-26 12:43:02.158003 INFO::Filter data based on min abundance and min prevalence
2026-03-26 12:43:02.158326 INFO::Total samples in data: 24
2026-03-26 12:43:02.158644 INFO::Min samples required with min abundance for a feature not to be filtered: 2.400000
2026-03-26 12:43:02.16032 INFO::Total filtered features: 0
2026-03-26 12:43:02.160699 INFO::Filtered feature names from abundance and prevalence filtering:
2026-03-26 12:43:02.162944 INFO::Total filtered features with variance filtering: 0
2026-03-26 12:43:02.163318 INFO::Filtered feature names from variance filtering:
2026-03-26 12:43:02.163631 INFO::Running selected normalization method: NONE
2026-03-26 12:43:02.163937 INFO::Applying z-score to standardize continuous metadata
2026-03-26 12:43:02.165355 INFO::Running selected transform method: LOG
2026-03-26 12:43:02.167505 INFO::Running selected analysis method: LM
2026-03-26 12:43:02.168021 INFO::Fitting model to feature number 1, UniRef90_A0A174IWH6
2026-03-26 12:43:02.169655 INFO::Fitting model to feature number 2, UniRef90_A0A174IWH6.g__Prevotella.s__Prevotella_copri
2026-03-26 12:43:02.171269 INFO::Fitting model to feature number 3, UniRef90_A0T3C6
2026-03-26 12:43:02.172791 INFO::Fitting model to feature number 4, UniRef90_A0A174PA28
2026-03-26 12:43:02.174333 INFO::Fitting model to feature number 5, UniRef90_A0A174PA28.g__Prevotella.s__Prevotella_copri
2026-03-26 12:43:02.175771 INFO::Fitting model to feature number 6, UniRef90_V8M0W9
2026-03-26 12:43:02.177187 INFO::Fitting model to feature number 7, UniRef90_V8M0W9.g__Streptococcus.s__Streptococcus_salivarius
2026-03-26 12:43:02.178586 INFO::Fitting model to feature number 8, UniRef90_A0A366U7P8
2026-03-26 12:43:02.17997 INFO::Fitting model to feature number 9, UniRef90_A0A366U7P8.g__Enterococcus.s__Enterococcus_gallinarum
2026-03-26 12:43:02.18135 INFO::Fitting model to feature number 10, UniRef90_A0T3C6.g__Escherichia.s__Escherichia_coli
2026-03-26 12:43:02.182727 INFO::Fitting model to feature number 11, UniRef90_A0A192CAU6
2026-03-26 12:43:02.184093 INFO::Fitting model to feature number 12, UniRef90_A0A192CAU6.g__Escherichia.s__Escherichia_coli
2026-03-26 12:43:02.185684 INFO::Fitting model to feature number 13, UniRef90_A0T3C6.g__Klebsiella.s__Klebsiella_quasipneumoniae
2026-03-26 12:43:02.187292 INFO::Fitting model to feature number 14, UniRef90_A0A1S8IMK6
2026-03-26 12:43:02.188761 INFO::Fitting model to feature number 15, UniRef90_D1PAK7
2026-03-26 12:43:02.190182 INFO::Fitting model to feature number 16, UniRef90_D1PAK7.g__Prevotella.s__Prevotella_copri
2026-03-26 12:43:02.191582 INFO::Fitting model to feature number 17, UniRef90_A0A1V2STI7.g__Escherichia.s__Escherichia_coli
2026-03-26 12:43:02.193054 INFO::Fitting model to feature number 18, UniRef90_A0A1V2STI7
2026-03-26 12:43:02.194447 INFO::Fitting model to feature number 19, UniRef90_A5ZYV3
2026-03-26 12:43:02.195858 INFO::Fitting model to feature number 20, UniRef90_A5ZYV3.g__Blautia.s__Blautia_obeum
2026-03-26 12:43:02.197238 INFO::Fitting model to feature number 21, UniRef90_E1IVY0
2026-03-26 12:43:02.198613 INFO::Fitting model to feature number 22, UniRef90_E1IVY0.g__Escherichia.s__Escherichia_coli
2026-03-26 12:43:02.199986 INFO::Fitting model to feature number 23, UniRef90_G2SRQ4
2026-03-26 12:43:02.201435 INFO::Fitting model to feature number 24, UniRef90_G2SRQ4.g__Lactobacillus.s__Lactobacillus_ruminis
2026-03-26 12:43:02.202827 INFO::Fitting model to feature number 25, UniRef90_Q1WUH8.g__Lactobacillus.s__Lactobacillus_ruminis
2026-03-26 12:43:02.204214 INFO::Fitting model to feature number 26, UniRef90_Q1WUH8
2026-03-26 12:43:02.20559 INFO::Fitting model to feature number 27, UniRef90_V5XUZ1
2026-03-26 12:43:02.206971 INFO::Fitting model to feature number 28, UniRef90_F2NAL9.g__Collinsella.s__Collinsella_aerofaciens
2026-03-26 12:43:02.208359 INFO::Fitting model to feature number 29, UniRef90_F2NAL9
2026-03-26 12:43:02.209716 INFO::Fitting model to feature number 30, UniRef90_V5XUZ1.g__Enterococcus.s__Enterococcus_faecium
2026-03-26 12:43:02.211083 INFO::Fitting model to feature number 31, UniRef90_A0A174Y3E0
2026-03-26 12:43:02.212491 INFO::Fitting model to feature number 32, UniRef90_A0A174Y3E0.g__Prevotella.s__Prevotella_copri
2026-03-26 12:43:02.213959 INFO::Fitting model to feature number 33, UniRef90_A0A0E9FRS3
2026-03-26 12:43:02.215347 INFO::Fitting model to feature number 34, UniRef90_UPI0004A57A81
2026-03-26 12:43:02.330717 INFO::Fitting model to feature number 35, UniRef90_UPI0004A57A81.g__Enterococcus.s__Enterococcus_faecium
2026-03-26 12:43:02.332806 INFO::Fitting model to feature number 36, UniRef90_A0A1A7TBY5
2026-03-26 12:43:02.334675 INFO::Fitting model to feature number 37, UniRef90_A0A2W4HXJ9
2026-03-26 12:43:02.336421 INFO::Fitting model to feature number 38, UniRef90_A0A2W4HXJ9.g__Enterococcus.s__Enterococcus_faecium
2026-03-26 12:43:02.338169 INFO::Fitting model to feature number 39, UniRef90_A0A1B2H845
2026-03-26 12:43:02.339829 INFO::Fitting model to feature number 40, UniRef90_E7FSA1
2026-03-26 12:43:02.341396 INFO::Fitting model to feature number 41, UniRef90_E7FSA1.g__Lactobacillus.s__Lactobacillus_ruminis
2026-03-26 12:43:02.343053 INFO::Fitting model to feature number 42, UniRef90_A0A0E9FRS3.g__Tyzzerella.s__Tyzzerella_nexilis
2026-03-26 12:43:02.344572 INFO::Fitting model to feature number 43, UniRef90_A0A3E4MCK9
2026-03-26 12:43:02.346191 INFO::Fitting model to feature number 44, UniRef90_A0A3E4MCK9.g__Lactobacillus.s__Lactobacillus_ruminis
2026-03-26 12:43:02.347777 INFO::Fitting model to feature number 45, UniRef90_Q9LBQ4.g__Enterococcus.s__Enterococcus_faecium
2026-03-26 12:43:02.349313 INFO::Fitting model to feature number 46, UniRef90_Q9LBQ4
2026-03-26 12:43:02.350767 INFO::Fitting model to feature number 47, UniRef90_C0FSN2
2026-03-26 12:43:02.352144 INFO::Fitting model to feature number 48, UniRef90_C0FSN2.g__Roseburia.s__Roseburia_inulinivorans
2026-03-26 12:43:02.353515 INFO::Fitting model to feature number 49, UniRef90_A0A0E1X896.g__Blautia.s__Blautia_obeum
2026-03-26 12:43:02.354892 INFO::Fitting model to feature number 50, UniRef90_G2SNS8
2026-03-26 12:43:02.356262 INFO::Fitting model to feature number 51, UniRef90_G2SNS8.g__Lactobacillus.s__Lactobacillus_ruminis
2026-03-26 12:43:02.357622 INFO::Fitting model to feature number 52, UniRef90_A0A0E1X896
2026-03-26 12:43:02.359015 INFO::Fitting model to feature number 53, UniRef90_A0A1S8IMK6.g__Escherichia.s__Escherichia_coli
2026-03-26 12:43:02.360426 INFO::Fitting model to feature number 54, UniRef90_A0A1D7PS63
2026-03-26 12:43:02.361793 INFO::Fitting model to feature number 55, UniRef90_A0A1D7PS63.g__Escherichia.s__Escherichia_coli
2026-03-26 12:43:02.363305 INFO::Fitting model to feature number 56, UniRef90_A0A1S8IMK6.g__Enterococcus.s__Enterococcus_faecium
2026-03-26 12:43:02.364752 INFO::Fitting model to feature number 57, UniRef90_A0A0H2VC20
2026-03-26 12:43:02.36613 INFO::Fitting model to feature number 58, UniRef90_A0A0H2VC20.g__Escherichia.s__Escherichia_coli
2026-03-26 12:43:02.367557 INFO::Fitting model to feature number 59, UniRef90_A0A2R3NGS3
2026-03-26 12:43:02.369038 INFO::Fitting model to feature number 60, UniRef90_R6Q8L0
2026-03-26 12:43:02.370454 INFO::Fitting model to feature number 61, UniRef90_A0A0T7A674
2026-03-26 12:43:02.371848 INFO::Fitting model to feature number 62, UniRef90_A0A0T7A674.g__Bacteroides.s__Bacteroides_uniformis
2026-03-26 12:43:02.373235 INFO::Fitting model to feature number 63, UniRef90_A0T3C6.g__Klebsiella.s__Klebsiella_pneumoniae
2026-03-26 12:43:02.374618 INFO::Fitting model to feature number 64, UniRef90_A0A174UKK8
2026-03-26 12:43:02.375994 INFO::Fitting model to feature number 65, UniRef90_A0A174UKK8.g__Prevotella.s__Prevotella_copri
2026-03-26 12:43:02.377393 INFO::Fitting model to feature number 66, UniRef90_E1IJ03
2026-03-26 12:43:02.378784 INFO::Fitting model to feature number 67, UniRef90_E1IJ03.g__Escherichia.s__Escherichia_coli
2026-03-26 12:43:02.380165 INFO::Fitting model to feature number 68, UniRef90_UPI000C03D4E6
2026-03-26 12:43:02.38158 INFO::Fitting model to feature number 69, UniRef90_UPI000C03D4E6.g__Enterococcus.s__Enterococcus_faecium
2026-03-26 12:43:02.38296 INFO::Fitting model to feature number 70, UniRef90_D1PG33
2026-03-26 12:43:02.384406 INFO::Fitting model to feature number 71, UniRef90_D1PG33.g__Prevotella.s__Prevotella_copri
2026-03-26 12:43:02.385872 INFO::Fitting model to feature number 72, UniRef90_A0A0M2B020
2026-03-26 12:43:02.387285 INFO::Fitting model to feature number 73, UniRef90_A0A0M2B020.g__Enterococcus.s__Enterococcus_faecium
2026-03-26 12:43:02.388689 INFO::Fitting model to feature number 74, UniRef90_A7V4G2
2026-03-26 12:43:02.3901 INFO::Fitting model to feature number 75, UniRef90_A7V4G2.g__Bacteroides.s__Bacteroides_uniformis
2026-03-26 12:43:02.391514 INFO::Fitting model to feature number 76, UniRef90_A0A1I2RCA3
2026-03-26 12:43:02.392927 INFO::Fitting model to feature number 77, UniRef90_A0A1I2RCA3.g__Lactobacillus.s__Lactobacillus_ruminis
2026-03-26 12:43:02.394323 INFO::Fitting model to feature number 78, UniRef90_R6Q8L0.g__Faecalibacterium.s__Faecalibacterium_prausnitzii
2026-03-26 12:43:02.395699 INFO::Fitting model to feature number 79, UniRef90_A0A174Q4J4
2026-03-26 12:43:02.397067 INFO::Fitting model to feature number 80, UniRef90_A0A174Q4J4.g__Prevotella.s__Prevotella_copri
2026-03-26 12:43:02.398441 INFO::Fitting model to feature number 81, UniRef90_J6QDP1
2026-03-26 12:43:02.399806 INFO::Fitting model to feature number 82, UniRef90_J6QDP1.g__Enterococcus.s__Enterococcus_faecium
2026-03-26 12:43:02.401194 INFO::Fitting model to feature number 83, UniRef90_A0A2R3NGS3.g__Escherichia.s__Escherichia_coli
2026-03-26 12:43:02.402567 INFO::Fitting model to feature number 84, UniRef90_S4EDF6
2026-03-26 12:43:02.403931 INFO::Fitting model to feature number 85, UniRef90_A0A174Y4P3
2026-03-26 12:43:02.405294 INFO::Fitting model to feature number 86, UniRef90_A0A174Y4P3.g__Prevotella.s__Prevotella_copri
2026-03-26 12:43:02.406646 INFO::Fitting model to feature number 87, UniRef90_A7AJP8
2026-03-26 12:43:02.408011 INFO::Fitting model to feature number 88, UniRef90_A7AJP8.g__Parabacteroides.s__Parabacteroides_merdae
2026-03-26 12:43:02.409376 INFO::Fitting model to feature number 89, UniRef90_I3U631
2026-03-26 12:43:02.410745 INFO::Fitting model to feature number 90, UniRef90_J7SHX6
2026-03-26 12:43:02.412107 INFO::Fitting model to feature number 91, UniRef90_J7SHX6.g__Streptococcus.s__Streptococcus_salivarius
2026-03-26 12:43:02.413478 INFO::Fitting model to feature number 92, UniRef90_A0A0E9FRS3.g__Dorea.s__Dorea_longicatena
2026-03-26 12:43:02.414842 INFO::Fitting model to feature number 93, UniRef90_E7FTM0
2026-03-26 12:43:02.416194 INFO::Fitting model to feature number 94, UniRef90_E7FTM0.g__Lactobacillus.s__Lactobacillus_ruminis
2026-03-26 12:43:02.417625 INFO::Fitting model to feature number 95, UniRef90_A0A0E9ESU1
2026-03-26 12:43:02.419005 INFO::Fitting model to feature number 96, UniRef90_A0A0E9ESU1.g__Klebsiella.s__Klebsiella_pneumoniae
2026-03-26 12:43:02.420402 INFO::Fitting model to feature number 97, UniRef90_A0A2H4TTX9
2026-03-26 12:43:02.421772 INFO::Fitting model to feature number 98, UniRef90_A0A2H4TTX9.g__Escherichia.s__Escherichia_coli
2026-03-26 12:43:02.423137 INFO::Fitting model to feature number 99, UniRef90_I3U631.g__Enterococcus.s__Enterococcus_faecium
2026-03-26 12:43:02.424504 INFO::Fitting model to feature number 100, UniRef90_A0A174KXX9
2026-03-26 12:43:02.425874 INFO::Fitting model to feature number 101, UniRef90_A0A174KXX9.g__Collinsella.s__Collinsella_aerofaciens
2026-03-26 12:43:02.427248 INFO::Fitting model to feature number 102, UniRef90_A7V7B8
2026-03-26 12:43:02.428626 INFO::Fitting model to feature number 103, UniRef90_A7V7B8.g__Bacteroides.s__Bacteroides_uniformis
2026-03-26 12:43:02.430003 INFO::Fitting model to feature number 104, UniRef90_F7LS08
2026-03-26 12:43:02.431378 INFO::Fitting model to feature number 105, UniRef90_F7LS08.g__Bacteroides.s__Bacteroides_fragilis
2026-03-26 12:43:02.432775 INFO::Fitting model to feature number 106, UniRef90_T4C1L2
2026-03-26 12:43:02.434186 INFO::Fitting model to feature number 107, UniRef90_J7TUV6
2026-03-26 12:43:02.435574 INFO::Fitting model to feature number 108, UniRef90_J7TUV6.g__Streptococcus.s__Streptococcus_salivarius
2026-03-26 12:43:02.436965 INFO::Fitting model to feature number 109, UniRef90_A0A1X4JA18
2026-03-26 12:43:02.438448 INFO::Fitting model to feature number 110, UniRef90_A0A1X4JA18.g__Enterococcus.s__Enterococcus_faecium
2026-03-26 12:43:02.439867 INFO::Fitting model to feature number 111, UniRef90_UPI000CDE3CF2
2026-03-26 12:43:02.441276 INFO::Fitting model to feature number 112, UniRef90_UPI000CDE3CF2.g__Escherichia.s__Escherichia_coli
2026-03-26 12:43:02.442657 INFO::Fitting model to feature number 113, UniRef90_A0A174XX49
2026-03-26 12:43:02.444025 INFO::Fitting model to feature number 114, UniRef90_A0A174XX49.g__Prevotella.s__Prevotella_copri
2026-03-26 12:43:02.445402 INFO::Fitting model to feature number 115, UniRef90_A0A133MZE1
2026-03-26 12:43:02.446779 INFO::Fitting model to feature number 116, UniRef90_U2Z4S8
2026-03-26 12:43:02.448172 INFO::Fitting model to feature number 117, UniRef90_U2Z4S8.g__Streptococcus.s__Streptococcus_salivarius
2026-03-26 12:43:02.449532 INFO::Fitting model to feature number 118, UniRef90_W1ESP1
2026-03-26 12:43:02.450908 INFO::Fitting model to feature number 119, UniRef90_W1ESP1.g__Escherichia.s__Escherichia_coli
2026-03-26 12:43:02.45228 INFO::Fitting model to feature number 120, UniRef90_A0A133MZE1.g__Clostridioides.s__Clostridioides_difficile
2026-03-26 12:43:02.453644 INFO::Fitting model to feature number 121, UniRef90_A0A174LQ87
2026-03-26 12:43:02.455011 INFO::Fitting model to feature number 122, UniRef90_A0A174LQ87.g__Prevotella.s__Prevotella_copri
2026-03-26 12:43:02.456384 INFO::Fitting model to feature number 123, UniRef90_P59628
2026-03-26 12:43:02.457761 INFO::Fitting model to feature number 124, UniRef90_A0A174HS30
2026-03-26 12:43:02.459133 INFO::Fitting model to feature number 125, UniRef90_A0A174HS30.g__Prevotella.s__Prevotella_copri
2026-03-26 12:43:02.460489 INFO::Fitting model to feature number 126, UniRef90_A0A1S8JJQ1
2026-03-26 12:43:02.461844 INFO::Fitting model to feature number 127, UniRef90_A0A0J2B3T8
2026-03-26 12:43:02.463192 INFO::Fitting model to feature number 128, UniRef90_A0A1B2H845.g__Escherichia.s__Escherichia_coli
2026-03-26 12:43:02.464546 INFO::Fitting model to feature number 129, UniRef90_F4NKV9
2026-03-26 12:43:02.465886 INFO::Fitting model to feature number 130, UniRef90_F4NKV9.g__Escherichia.s__Escherichia_coli
2026-03-26 12:43:02.467243 INFO::Fitting model to feature number 131, UniRef90_A0A174VLZ6
2026-03-26 12:43:02.468621 INFO::Fitting model to feature number 132, UniRef90_A0A174VLZ6.g__Prevotella.s__Prevotella_copri
2026-03-26 12:43:02.469969 INFO::Fitting model to feature number 133, UniRef90_A0A2H3JTN8
2026-03-26 12:43:02.471418 INFO::Fitting model to feature number 134, UniRef90_A0A2H3JTN8.g__Escherichia.s__Escherichia_coli
2026-03-26 12:43:02.472772 INFO::Fitting model to feature number 135, UniRef90_W1I4J5
2026-03-26 12:43:02.474126 INFO::Fitting model to feature number 136, UniRef90_W1I4J5.g__Prevotella.s__Prevotella_copri
2026-03-26 12:43:02.475459 INFO::Fitting model to feature number 137, UniRef90_U9YPG6
2026-03-26 12:43:02.476811 INFO::Fitting model to feature number 138, UniRef90_U9YPG6.g__Escherichia.s__Escherichia_coli
2026-03-26 12:43:02.478157 INFO::Fitting model to feature number 139, UniRef90_D1PCG7
2026-03-26 12:43:02.479501 INFO::Fitting model to feature number 140, UniRef90_D1PCG7.g__Prevotella.s__Prevotella_copri
2026-03-26 12:43:02.480878 INFO::Fitting model to feature number 141, UniRef90_U9YLK3
2026-03-26 12:43:02.482242 INFO::Fitting model to feature number 142, UniRef90_U9YLK3.g__Escherichia.s__Escherichia_coli
2026-03-26 12:43:02.483586 INFO::Fitting model to feature number 143, UniRef90_A0A174NRF1
2026-03-26 12:43:02.485049 INFO::Fitting model to feature number 144, UniRef90_A0A174NRF1.g__Prevotella.s__Prevotella_copri
2026-03-26 12:43:02.486444 INFO::Fitting model to feature number 145, UniRef90_A0A174JTA1
2026-03-26 12:43:02.487806 INFO::Fitting model to feature number 146, UniRef90_A0A174JTA1.g__Prevotella.s__Prevotella_copri
2026-03-26 12:43:02.489164 INFO::Fitting model to feature number 147, UniRef90_A0A174WHN0
2026-03-26 12:43:02.490545 INFO::Fitting model to feature number 148, UniRef90_F7QZZ8
2026-03-26 12:43:02.491903 INFO::Fitting model to feature number 149, UniRef90_F7QZZ8.g__Lactobacillus.s__Lactobacillus_ruminis
2026-03-26 12:43:02.493279 INFO::Fitting model to feature number 150, UniRef90_F7QX76
2026-03-26 12:43:02.494632 INFO::Fitting model to feature number 151, UniRef90_F7QX76.g__Lactobacillus.s__Lactobacillus_ruminis
2026-03-26 12:43:02.495987 INFO::Fitting model to feature number 152, UniRef90_A0A2J1D4W6
2026-03-26 12:43:02.497367 INFO::Fitting model to feature number 153, UniRef90_A0A2J1D4W6.g__Escherichia.s__Escherichia_coli
2026-03-26 12:43:02.498736 INFO::Fitting model to feature number 154, UniRef90_A0A1A7TBY5.g__Enterococcus.s__Enterococcus_faecium
2026-03-26 12:43:02.5001 INFO::Fitting model to feature number 155, UniRef90_A0A1A7TBY5.g__Escherichia.s__Escherichia_coli
2026-03-26 12:43:02.501465 INFO::Fitting model to feature number 156, UniRef90_C8ZZG9
2026-03-26 12:43:02.502851 INFO::Fitting model to feature number 157, UniRef90_C8ZZG9.g__Enterococcus.s__Enterococcus_gallinarum
2026-03-26 12:43:02.504226 INFO::Fitting model to feature number 158, UniRef90_E7FP09
2026-03-26 12:43:02.505583 INFO::Fitting model to feature number 159, UniRef90_E7FP09.g__Lactobacillus.s__Lactobacillus_ruminis
2026-03-26 12:43:02.506943 INFO::Fitting model to feature number 160, UniRef90_A0A2H4TVT9
2026-03-26 12:43:02.508294 INFO::Fitting model to feature number 161, UniRef90_A0A2H4TVT9.g__Escherichia.s__Escherichia_coli
2026-03-26 12:43:02.509667 INFO::Fitting model to feature number 162, UniRef90_A0A174VUA9
2026-03-26 12:43:02.511043 INFO::Fitting model to feature number 163, UniRef90_A0A174VUA9.g__Prevotella.s__Prevotella_copri
2026-03-26 12:43:02.512397 INFO::Fitting model to feature number 164, UniRef90_A0A0E1LDK4
2026-03-26 12:43:02.513916 INFO::Fitting model to feature number 165, UniRef90_A0A0E1LDK4.g__Escherichia.s__Escherichia_coli
2026-03-26 12:43:02.515291 INFO::Fitting model to feature number 166, UniRef90_A0A174SLJ8
2026-03-26 12:43:02.516652 INFO::Fitting model to feature number 167, UniRef90_A0A174SLJ8.g__Prevotella.s__Prevotella_copri
2026-03-26 12:43:02.517996 INFO::Fitting model to feature number 168, UniRef90_S4DMT8
2026-03-26 12:43:02.51935 INFO::Fitting model to feature number 169, UniRef90_A0A174Y717
2026-03-26 12:43:02.5207 INFO::Fitting model to feature number 170, UniRef90_A0A174Y717.g__Prevotella.s__Prevotella_copri
2026-03-26 12:43:02.522043 INFO::Fitting model to feature number 171, UniRef90_D4RG23
2026-03-26 12:43:02.52347 INFO::Fitting model to feature number 172, UniRef90_D4RG23.g__Enterococcus.s__Enterococcus_faecium
2026-03-26 12:43:02.524828 INFO::Fitting model to feature number 173, UniRef90_A0A1B2H845.g__Klebsiella.s__Klebsiella_pneumoniae
2026-03-26 12:43:02.526167 INFO::Fitting model to feature number 174, UniRef90_V0SIR0
2026-03-26 12:43:02.527533 INFO::Fitting model to feature number 175, UniRef90_V0SIR0.g__Escherichia.s__Escherichia_coli
2026-03-26 12:43:02.528875 INFO::Fitting model to feature number 176, UniRef90_A0A174MQQ3
2026-03-26 12:43:02.530225 INFO::Fitting model to feature number 177, UniRef90_A0A174MQQ3.g__Prevotella.s__Prevotella_copri
2026-03-26 12:43:02.531579 INFO::Fitting model to feature number 178, UniRef90_D4JYT8
2026-03-26 12:43:02.532934 INFO::Fitting model to feature number 179, UniRef90_D4JYT8.g__Faecalibacterium.s__Faecalibacterium_prausnitzii
2026-03-26 12:43:02.534295 INFO::Fitting model to feature number 180, UniRef90_A0A174JFP0
2026-03-26 12:43:02.535635 INFO::Fitting model to feature number 181, UniRef90_A0A174JFP0.g__Prevotella.s__Prevotella_copri
2026-03-26 12:43:02.536974 INFO::Fitting model to feature number 182, UniRef90_A0A174WHN0.g__Prevotella.s__Prevotella_copri
2026-03-26 12:43:02.538313 INFO::Fitting model to feature number 183, UniRef90_I2WAU1
2026-03-26 12:43:02.539653 INFO::Fitting model to feature number 184, UniRef90_I2WAU1.g__Escherichia.s__Escherichia_coli
2026-03-26 12:43:02.540988 INFO::Fitting model to feature number 185, UniRef90_A0A174IYG9
2026-03-26 12:43:02.542322 INFO::Fitting model to feature number 186, UniRef90_A0A174IYG9.g__Prevotella.s__Prevotella_copri
2026-03-26 12:43:02.543677 INFO::Fitting model to feature number 187, UniRef90_A0A0I1DLX7
2026-03-26 12:43:02.54504 INFO::Fitting model to feature number 188, UniRef90_A0A0I1DLX7.g__Escherichia.s__Escherichia_coli
2026-03-26 12:43:02.546405 INFO::Fitting model to feature number 189, UniRef90_A0A396RJ65
2026-03-26 12:43:02.547754 INFO::Fitting model to feature number 190, UniRef90_A0A174RM08
2026-03-26 12:43:02.549098 INFO::Fitting model to feature number 191, UniRef90_A0A174RM08.g__Prevotella.s__Prevotella_copri
2026-03-26 12:43:02.550449 INFO::Fitting model to feature number 192, UniRef90_Q9LBQ5
2026-03-26 12:43:02.551793 INFO::Fitting model to feature number 193, UniRef90_O07102
2026-03-26 12:43:02.553146 INFO::Fitting model to feature number 194, UniRef90_V5XSX7
2026-03-26 12:43:02.554492 INFO::Fitting model to feature number 195, UniRef90_A0A139SZQ0
2026-03-26 12:43:02.555837 INFO::Fitting model to feature number 196, UniRef90_S4EDF6.g__Enterococcus.s__Enterococcus_faecium
2026-03-26 12:43:02.557193 INFO::Fitting model to feature number 197, UniRef90_A0A1S9M166
2026-03-26 12:43:02.558531 INFO::Fitting model to feature number 198, UniRef90_A0A1S9M166.g__Enterococcus.s__Enterococcus_faecium
2026-03-26 12:43:02.559874 INFO::Fitting model to feature number 199, UniRef90_A0A3E5E3D3
2026-03-26 12:43:02.561232 INFO::Fitting model to feature number 200, UniRef90_A0A3E5E3D3.g__Prevotella.s__Prevotella_copri
2026-03-26 12:43:02.58219 INFO::Counting total values for each feature
2026-03-26 12:43:02.594821 INFO::Writing filtered data to file maaslin_genefamilies_group/features/filtered_data.tsv
2026-03-26 12:43:02.600008 INFO::Writing filtered, normalized data to file maaslin_genefamilies_group/features/filtered_data_norm.tsv
2026-03-26 12:43:02.605065 INFO::Writing filtered, normalized, transformed data to file maaslin_genefamilies_group/features/filtered_data_norm_transformed.tsv
2026-03-26 12:43:02.611833 WARNING::Deleting existing residuals file: maaslin_genefamilies_group/fits/residuals.rds
2026-03-26 12:43:02.6125 INFO::Writing residuals to file maaslin_genefamilies_group/fits/residuals.rds
2026-03-26 12:43:02.614238 WARNING::Deleting existing fitted file: maaslin_genefamilies_group/fits/fitted.rds
2026-03-26 12:43:02.614822 INFO::Writing fitted values to file maaslin_genefamilies_group/fits/fitted.rds
2026-03-26 12:43:02.616016 INFO::Writing all results to file (ordered by increasing q-values): maaslin_genefamilies_group/all_results.tsv
2026-03-26 12:43:02.619858 INFO::Writing the significant results (those which are less than or equal to the threshold of 0.250000 ) to file (ordered by increasing q-values): maaslin_genefamilies_group/significant_results.tsv
2026-03-26 12:43:02.620962 INFO::Writing heatmap of significant results to file: maaslin_genefamilies_group/heatmap.pdf
2026-03-26 12:43:02.621933 INFO::Writing association plots (one for each significant association) to output folder: maaslin_genefamilies_group
2026-03-26 12:43:02.623709 INFO::Plotting associations from most to least significant, grouped by metadata
2026-03-26 12:43:02.624164 INFO::Plotting data for metadata number 1, group
2026-03-26 12:43:02.625002 INFO::Creating boxplot for categorical data, group vs UniRef90_A0A192CAU6
2026-03-26 12:43:02.779477 INFO::Creating boxplot for categorical data, group vs UniRef90_A0A192CAU6.g__Escherichia.s__Escherichia_coli
2026-03-26 12:43:03.05231 INFO::Creating boxplot for categorical data, group vs UniRef90_F4NKV9
2026-03-26 12:43:03.20641 INFO::Creating boxplot for categorical data, group vs UniRef90_F4NKV9.g__Escherichia.s__Escherichia_coli
2026-03-26 12:43:03.359582 INFO::Creating boxplot for categorical data, group vs UniRef90_A0A2H4TVT9
2026-03-26 12:43:03.634158 INFO::Creating boxplot for categorical data, group vs UniRef90_A0A2H4TVT9.g__Escherichia.s__Escherichia_coli
2026-03-26 12:43:03.787205 INFO::Creating boxplot for categorical data, group vs UniRef90_A0A1D7PS63
2026-03-26 12:43:04.063181 INFO::Creating boxplot for categorical data, group vs UniRef90_A0A1D7PS63.g__Escherichia.s__Escherichia_coli
2026-03-26 12:43:04.217572 INFO::Creating boxplot for categorical data, group vs UniRef90_E1IVY0
2026-03-26 12:43:04.370078 INFO::Creating boxplot for categorical data, group vs UniRef90_E1IVY0.g__Escherichia.s__Escherichia_coli
2026-03-26 12:43:04.642278 INFO::Creating boxplot for categorical data, group vs UniRef90_A0A2H4TTX9
2026-03-26 12:43:04.795753 INFO::Creating boxplot for categorical data, group vs UniRef90_A0A2H4TTX9.g__Escherichia.s__Escherichia_coli
2026-03-26 12:43:04.948225 INFO::Creating boxplot for categorical data, group vs UniRef90_A0A0E1LDK4
2026-03-26 12:43:05.219284 INFO::Creating boxplot for categorical data, group vs UniRef90_A0A0E1LDK4.g__Escherichia.s__Escherichia_coli
2026-03-26 12:43:05.375041 INFO::Creating boxplot for categorical data, group vs UniRef90_V0SIR0
2026-03-26 12:43:05.527458 INFO::Creating boxplot for categorical data, group vs UniRef90_V0SIR0.g__Escherichia.s__Escherichia_coli
2026-03-26 12:43:05.795229 INFO::Creating boxplot for categorical data, group vs UniRef90_A0A0H2VC20
2026-03-26 12:43:05.947786 INFO::Creating boxplot for categorical data, group vs UniRef90_A0A0H2VC20.g__Escherichia.s__Escherichia_coli
2026-03-26 12:43:06.219253 INFO::Creating boxplot for categorical data, group vs UniRef90_U9YPG6
2026-03-26 12:43:06.372432 INFO::Creating boxplot for categorical data, group vs UniRef90_U9YPG6.g__Escherichia.s__Escherichia_coli
2026-03-26 12:43:06.524834 INFO::Creating boxplot for categorical data, group vs UniRef90_I2WAU1
2026-03-26 12:43:06.795542 INFO::Creating boxplot for categorical data, group vs UniRef90_I2WAU1.g__Escherichia.s__Escherichia_coli
2026-03-26 12:43:06.949027 INFO::Creating boxplot for categorical data, group vs UniRef90_U9YLK3
2026-03-26 12:43:07.101803 INFO::Creating boxplot for categorical data, group vs UniRef90_U9YLK3.g__Escherichia.s__Escherichia_coli
